<?xml version="1.0" encoding="UTF-8"?>
<!-- Generated by org.testng.reporters.JUnitReportReporter -->
<testsuite hostname="mitrah162" failures="0" tests="3" name="projJavaPack.AutoTestNG" time="0.010" errors="0" timestamp="2022-11-16T11:42:50 IST" skipped="0">
  <testcase classname="projJavaPack.AutoTestNG" name="test3" time="0.001"/>
  <system-out/>
  <testcase classname="projJavaPack.AutoTestNG" name="test1" time="0.007"/>
  <system-out/>
  <testcase classname="projJavaPack.AutoTestNG" name="test2" time="0.002"/>
  <system-out/>
</testsuite> <!-- projJavaPack.AutoTestNG -->
